<?xml version="1.0" encoding="UTF-8"?>
<!-- Generated by org.testng.reporters.JUnitXMLReporter -->
<testsuite ignored="0" hostname="DESKTOP-DOFNUH2" failures="0" tests="3" name="Default test" time="59.902" errors="0" timestamp="2023-02-28T15:57:59 IST">
  <testcase classname="org.swetha.ShoppingApplication3" name="eCommerceTest" time="10.498"/>
  <testcase classname="org.swetha.ShoppingApplication3" name="eCommerceTest" time="11.625"/>
  <testcase classname="org.swetha.ShoppingApplication3" name="eCommerceTest" time="11.197"/>
</testsuite> <!-- Default test -->
