<?xml version="1.0" encoding="UTF-8"?>
<testng-results ignored="1" total="3" passed="2" failed="0" skipped="0">
  <reporter-output>
  </reporter-output>
  <suite started-at="2023-03-02T13:00:42 IST" name="Suite" finished-at="2023-03-02T13:01:35 IST" duration-ms="53106">
    <groups>
      <group name="Smoke">
        <method signature="ShoppingApplication2.eCommerceTest(java.lang.String,java.lang.String,java.lang.String)[pri:0, instance:org.swetha.ShoppingApplication2@30af5b6b]" name="eCommerceTest" class="org.swetha.ShoppingApplication2"/>
      </group> <!-- Smoke -->
    </groups>
    <test started-at="2023-03-02T13:00:42 IST" name="EndToEndFramework" finished-at="2023-03-02T13:01:35 IST" duration-ms="52564">
      <class name="org.swetha.ShoppingApplication2">
        <test-method is-config="true" signature="AppiumSetUp()[pri:0, instance:org.swetha.ShoppingApplication2@30af5b6b]" started-at="2023-03-02T13:00:42 IST" name="AppiumSetUp" finished-at="2023-03-02T13:01:06 IST" duration-ms="23796" status="PASS">
          <reporter-output>
          </reporter-output>
        </test-method> <!-- AppiumSetUp -->
        <test-method is-config="true" signature="preSetUp()[pri:0, instance:org.swetha.ShoppingApplication2@30af5b6b]" started-at="2023-03-02T13:01:06 IST" name="preSetUp" finished-at="2023-03-02T13:01:08 IST" duration-ms="1615" status="PASS">
          <reporter-output>
          </reporter-output>
        </test-method> <!-- preSetUp -->
        <test-method signature="eCommerceTest(java.lang.String,java.lang.String,java.lang.String)[pri:0, instance:org.swetha.ShoppingApplication2@30af5b6b]" started-at="2023-03-02T13:01:08 IST" name="eCommerceTest" data-provider="getData" finished-at="2023-03-02T13:01:19 IST" duration-ms="11432" status="PASS">
          <params>
            <param index="0">
              <value>
                <![CDATA[Swe]]>
              </value>
            </param>
            <param index="1">
              <value>
                <![CDATA[Female]]>
              </value>
            </param>
            <param index="2">
              <value>
                <![CDATA[Australia]]>
              </value>
            </param>
          </params>
          <reporter-output>
          </reporter-output>
        </test-method> <!-- eCommerceTest -->
        <test-method is-config="true" signature="preSetUp()[pri:0, instance:org.swetha.ShoppingApplication2@30af5b6b]" started-at="2023-03-02T13:01:19 IST" name="preSetUp" finished-at="2023-03-02T13:01:20 IST" duration-ms="1260" status="PASS">
          <reporter-output>
          </reporter-output>
        </test-method> <!-- preSetUp -->
        <test-method signature="eCommerceTest(java.lang.String,java.lang.String,java.lang.String)[pri:0, instance:org.swetha.ShoppingApplication2@30af5b6b]" started-at="2023-03-02T13:01:20 IST" name="eCommerceTest" data-provider="getData" finished-at="2023-03-02T13:01:34 IST" duration-ms="13911" status="PASS">
          <params>
            <param index="0">
              <value>
                <![CDATA[Disan]]>
              </value>
            </param>
            <param index="1">
              <value>
                <![CDATA[Male]]>
              </value>
            </param>
            <param index="2">
              <value>
                <![CDATA[Brazil]]>
              </value>
            </param>
          </params>
          <reporter-output>
          </reporter-output>
        </test-method> <!-- eCommerceTest -->
        <test-method is-config="true" signature="tearDown()[pri:0, instance:org.swetha.ShoppingApplication2@30af5b6b]" started-at="2023-03-02T13:01:34 IST" name="tearDown" finished-at="2023-03-02T13:01:35 IST" duration-ms="457" status="PASS">
          <reporter-output>
          </reporter-output>
        </test-method> <!-- tearDown -->
      </class> <!-- org.swetha.ShoppingApplication2 -->
    </test> <!-- EndToEndFramework -->
    <test started-at="2023-03-02T13:01:35 IST" name="FailedScenario" finished-at="2023-03-02T13:01:35 IST" duration-ms="2">
    </test> <!-- FailedScenario -->
  </suite> <!-- Suite -->
</testng-results>
